<?xml version="1.0" encoding="UTF-8"?>
<testsuite name="com.tran.ebay.tests.EbayLoginTest" tests="1" skipped="0" failures="0" errors="0" timestamp="2019-05-18T15:41:34" hostname="MONTY" time="6.353">
  <properties/>
  <testcase name="loginTest" classname="com.tran.ebay.tests.EbayLoginTest" time="6.353"/>
  <system-out><![CDATA[]]></system-out>
  <system-err><![CDATA[]]></system-err>
</testsuite>
